project2_Solution_color_SKELETON/build/intermediates/manifest_merge_blame_file/debug/manifest-merger-blame-debug-report.txt
1<?xml version="1.0" encoding="utf-8"?>
2<manifest xmlns:android="http://schemas.android.com/apk/res/android"
3    package="com.example.solution_color"
4    android:versionCode="1"
5    android:versionName="1.0" >
6
7    <uses-sdk
8        android:minSdkVersion="23"
8-->src\main\AndroidManifest.xml
9        android:targetSdkVersion="29" />
9-->src\main\AndroidManifest.xml
10
11    <application
11-->src\main\AndroidManifest.xml:5:3-38:19
12        android:allowBackup="true"
12-->src\main\AndroidManifest.xml:6:9-35
13        android:appComponentFactory="androidx.core.app.CoreComponentFactory"
13-->[androidx.core:core:1.1.0] AndroidManifest.xml:24:18-86
14        android:debuggable="true"
15        android:icon="@drawable/camera"
15-->src\main\AndroidManifest.xml:7:9-40
16        android:label="@string/app_name"
16-->src\main\AndroidManifest.xml:8:9-41
17        android:testOnly="true"
18        android:theme="@style/AppTheme" >
18-->src\main\AndroidManifest.xml:9:9-40
19
20        <!-- see https://developer.android.com/reference/androidx/core/content/FileProvider -->
21        <provider
21-->src\main\AndroidManifest.xml:11:9-19:20
22            android:name="androidx.core.content.FileProvider"
22-->src\main\AndroidManifest.xml:12:13-62
23            android:authorities="com.example.solution_color.fileprovider"
23-->src\main\AndroidManifest.xml:13:13-74
24            android:exported="false"
24-->src\main\AndroidManifest.xml:14:13-37
25            android:grantUriPermissions="true" >
25-->src\main\AndroidManifest.xml:15:13-47
26            <meta-data
26-->src\main\AndroidManifest.xml:16:13-18:54
27                android:name="android.support.FILE_PROVIDER_PATHS"
27-->src\main\AndroidManifest.xml:17:17-67
28                android:resource="@xml/file_paths" />
28-->src\main\AndroidManifest.xml:18:17-51
29        </provider>
30
31        <activity android:name="com.example.solution_color.SettingsActivity" />
31-->src\main\AndroidManifest.xml:21:9-54
31-->src\main\AndroidManifest.xml:21:19-51
32        <activity
32-->src\main\AndroidManifest.xml:22:9-37:20
33            android:name="com.example.solution_color.MainActivity"
33-->src\main\AndroidManifest.xml:23:13-41
34            android:configChanges="keyboardHidden|orientation"
34-->src\main\AndroidManifest.xml:24:13-63
35            android:label="@string/app_name"
35-->src\main\AndroidManifest.xml:25:13-45
36            android:screenOrientation="portrait"
36-->src\main\AndroidManifest.xml:26:13-49
37            android:theme="@style/AppTheme.NoActionBar" >
37-->src\main\AndroidManifest.xml:27:13-56
38
39            <!--
40                   android:screenOrientation="portrait" ensures that the app is always in portrait even when phone rotated
41      	 		consider what this means for phones with a slide out keyboard, they rotate the phone slide out the keyboard and
42      	 		discover, to their horror, that the app does not rotate.  So please dont ever do this in another app
43            -->
44            <intent-filter>
44-->src\main\AndroidManifest.xml:33:13-36:29
45                <action android:name="android.intent.action.MAIN" />
45-->src\main\AndroidManifest.xml:34:17-69
45-->src\main\AndroidManifest.xml:34:25-66
46
47                <category android:name="android.intent.category.LAUNCHER" />
47-->src\main\AndroidManifest.xml:35:17-77
47-->src\main\AndroidManifest.xml:35:27-74
48            </intent-filter>
49        </activity>
50    </application>
51
52</manifest>